# JRE version: Java(TM) SE Runtime Environment (8.0_25-b17) (build 1.8.0_25-b17)
# Java VM: Java HotSpot(TM) 64-Bit Server VM (25.25-b02 mixed mode linux-amd64 compressed oops)
Heap:
 PSYoungGen      total 26112K, used 14848K [0x00000000fd580000, 0x0000000100000000, 0x0000000100000000)
  eden space 14848K, 100% used [0x00000000fd580000,0x00000000fe400000,0x00000000fe400000)
  from space 11264K, 0% used [0x00000000ff500000,0x00000000ff500000,0x0000000100000000)
  to   space 14336K, 0% used [0x00000000fe400000,0x00000000fe400000,0x00000000ff200000)
 ParOldGen       total 87552K, used 87102K [0x00000000f8000000, 0x00000000fd580000, 0x00000000fd580000)
  object space 87552K, 99% used [0x00000000f8000000,0x00000000fd50faf0,0x00000000fd580000)
 Metaspace       used 103348K, capacity 112704K, committed 113048K, reserved 1144832K
  class space    used 13826K, capacity 16640K, committed 16800K, reserved 1048576K
GC Heap History (10 events):
Event: 54.219 GC heap before
{Heap before GC invocations=210 (full 138):
 PSYoungGen      total 26112K, used 14848K [0x00000000fd580000, 0x0000000100000000, 0x0000000100000000)
  eden space 14848K, 100% used [0x00000000fd580000,0x00000000fe400000,0x00000000fe400000)
  from space 11264K, 0% used [0x00000000ff500000,0x00000000ff500000,0x0000000100000000)
  to   space 14336K, 0% used [0x00000000fe400000,0x00000000fe400000,0x00000000ff200000)
 ParOldGen       total 87552K, used 87098K [0x00000000f8000000, 0x00000000fd580000, 0x00000000fd580000)
  object space 87552K, 99% used [0x00000000f8000000,0x00000000fd50eb38,0x00000000fd580000)
 Metaspace       used 103348K, capacity 112704K, committed 113048K, reserved 1144832K
  class space    used 13826K, capacity 16640K, committed 16800K, reserved 1048576K
Event: 54.346 GC heap after
Heap after GC invocations=210 (full 138):
 PSYoungGen      total 26112K, used 14847K [0x00000000fd580000, 0x0000000100000000, 0x0000000100000000)
  eden space 14848K, 99% used [0x00000000fd580000,0x00000000fe3ffd80,0x00000000fe400000)
  from space 11264K, 0% used [0x00000000ff500000,0x00000000ff500000,0x0000000100000000)
  to   space 14336K, 0% used [0x00000000fe400000,0x00000000fe400000,0x00000000ff200000)
 ParOldGen       total 87552K, used 87098K [0x00000000f8000000, 0x00000000fd580000, 0x00000000fd580000)
  object space 87552K, 99% used [0x00000000f8000000,0x00000000fd50eb38,0x00000000fd580000)
 Metaspace       used 103348K, capacity 112704K, committed 113048K, reserved 1144832K
  class space    used 13826K, capacity 16640K, committed 16800K, reserved 1048576K
}
Event: 54.346 GC heap before
{Heap before GC invocations=211 (full 139):
 PSYoungGen      total 26112K, used 14848K [0x00000000fd580000, 0x0000000100000000, 0x0000000100000000)
  eden space 14848K, 100% used [0x00000000fd580000,0x00000000fe400000,0x00000000fe400000)
  from space 11264K, 0% used [0x00000000ff500000,0x00000000ff500000,0x0000000100000000)
  to   space 14336K, 0% used [0x00000000fe400000,0x00000000fe400000,0x00000000ff200000)
 ParOldGen       total 87552K, used 87098K [0x00000000f8000000, 0x00000000fd580000, 0x00000000fd580000)
  object space 87552K, 99% used [0x00000000f8000000,0x00000000fd50eb38,0x00000000fd580000)
 Metaspace       used 103348K, capacity 112704K, committed 113048K, reserved 1144832K
  class space    used 13826K, capacity 16640K, committed 16800K, reserved 1048576K
Event: 54.466 GC heap after
Heap after GC invocations=211 (full 139):
 PSYoungGen      total 26112K, used 14847K [0x00000000fd580000, 0x0000000100000000, 0x0000000100000000)
  eden space 14848K, 99% used [0x00000000fd580000,0x00000000fe3fff20,0x00000000fe400000)
  from space 11264K, 0% used [0x00000000ff500000,0x00000000ff500000,0x0000000100000000)
  to   space 14336K, 0% used [0x00000000fe400000,0x00000000fe400000,0x00000000ff200000)
 ParOldGen       total 87552K, used 87098K [0x00000000f8000000, 0x00000000fd580000, 0x00000000fd580000)
  object space 87552K, 99% used [0x00000000f8000000,0x00000000fd50eb38,0x00000000fd580000)
 Metaspace       used 103348K, capacity 112704K, committed 113048K, reserved 1144832K
  class space    used 13826K, capacity 16640K, committed 16800K, reserved 1048576K
}
Event: 54.466 GC heap before
{Heap before GC invocations=212 (full 140):
 PSYoungGen      total 26112K, used 14848K [0x00000000fd580000, 0x0000000100000000, 0x0000000100000000)
  eden space 14848K, 100% used [0x00000000fd580000,0x00000000fe400000,0x00000000fe400000)
  from space 11264K, 0% used [0x00000000ff500000,0x00000000ff500000,0x0000000100000000)
  to   space 14336K, 0% used [0x00000000fe400000,0x00000000fe400000,0x00000000ff200000)
 ParOldGen       total 87552K, used 87098K [0x00000000f8000000, 0x00000000fd580000, 0x00000000fd580000)
  object space 87552K, 99% used [0x00000000f8000000,0x00000000fd50eb38,0x00000000fd580000)
 Metaspace       used 103348K, capacity 112704K, committed 113048K, reserved 1144832K
  class space    used 13826K, capacity 16640K, committed 16800K, reserved 1048576K
Event: 54.692 GC heap after
Heap after GC invocations=212 (full 140):
 PSYoungGen      total 26112K, used 14847K [0x00000000fd580000, 0x0000000100000000, 0x0000000100000000)
  eden space 14848K, 99% used [0x00000000fd580000,0x00000000fe3fff70,0x00000000fe400000)
  from space 11264K, 0% used [0x00000000ff500000,0x00000000ff500000,0x0000000100000000)
  to   space 14336K, 0% used [0x00000000fe400000,0x00000000fe400000,0x00000000ff200000)
 ParOldGen       total 87552K, used 87098K [0x00000000f8000000, 0x00000000fd580000, 0x00000000fd580000)
  object space 87552K, 99% used [0x00000000f8000000,0x00000000fd50e9a8,0x00000000fd580000)
 Metaspace       used 103348K, capacity 112704K, committed 113048K, reserved 1144832K
  class space    used 13826K, capacity 16640K, committed 16800K, reserved 1048576K
}
Event: 54.692 GC heap before
{Heap before GC invocations=213 (full 141):
 PSYoungGen      total 26112K, used 14848K [0x00000000fd580000, 0x0000000100000000, 0x0000000100000000)
  eden space 14848K, 100% used [0x00000000fd580000,0x00000000fe400000,0x00000000fe400000)
  from space 11264K, 0% used [0x00000000ff500000,0x00000000ff500000,0x0000000100000000)
  to   space 14336K, 0% used [0x00000000fe400000,0x00000000fe400000,0x00000000ff200000)
 ParOldGen       total 87552K, used 87103K [0x00000000f8000000, 0x00000000fd580000, 0x00000000fd580000)
  object space 87552K, 99% used [0x00000000f8000000,0x00000000fd50fce0,0x00000000fd580000)
 Metaspace       used 103348K, capacity 112704K, committed 113048K, reserved 1144832K
  class space    used 13826K, capacity 16640K, committed 16800K, reserved 1048576K
Event: 54.817 GC heap after
Heap after GC invocations=213 (full 141):
 PSYoungGen      total 26112K, used 14846K [0x00000000fd580000, 0x0000000100000000, 0x0000000100000000)
  eden space 14848K, 99% used [0x00000000fd580000,0x00000000fe3ff8e8,0x00000000fe400000)
  from space 11264K, 0% used [0x00000000ff500000,0x00000000ff500000,0x0000000100000000)
  to   space 14336K, 0% used [0x00000000fe400000,0x00000000fe400000,0x00000000ff200000)
 ParOldGen       total 87552K, used 87102K [0x00000000f8000000, 0x00000000fd580000, 0x00000000fd580000)
  object space 87552K, 99% used [0x00000000f8000000,0x00000000fd50fb30,0x00000000fd580000)
 Metaspace       used 103348K, capacity 112704K, committed 113048K, reserved 1144832K
  class space    used 13826K, capacity 16640K, committed 16800K, reserved 1048576K
}
Event: 54.817 GC heap before
{Heap before GC invocations=214 (full 142):
 PSYoungGen      total 26112K, used 14848K [0x00000000fd580000, 0x0000000100000000, 0x0000000100000000)
  eden space 14848K, 100% used [0x00000000fd580000,0x00000000fe400000,0x00000000fe400000)
  from space 11264K, 0% used [0x00000000ff500000,0x00000000ff500000,0x0000000100000000)
  to   space 14336K, 0% used [0x00000000fe400000,0x00000000fe400000,0x00000000ff200000)
 ParOldGen       total 87552K, used 87102K [0x00000000f8000000, 0x00000000fd580000, 0x00000000fd580000)
  object space 87552K, 99% used [0x00000000f8000000,0x00000000fd50fb30,0x00000000fd580000)
 Metaspace       used 103348K, capacity 112704K, committed 113048K, reserved 1144832K
  class space    used 13826K, capacity 16640K, committed 16800K, reserved 1048576K
Event: 54.939 GC heap after
Heap after GC invocations=214 (full 142):
 PSYoungGen      total 26112K, used 14846K [0x00000000fd580000, 0x0000000100000000, 0x0000000100000000)
  eden space 14848K, 99% used [0x00000000fd580000,0x00000000fe3ff9d8,0x00000000fe400000)
  from space 11264K, 0% used [0x00000000ff500000,0x00000000ff500000,0x0000000100000000)
  to   space 14336K, 0% used [0x00000000fe400000,0x00000000fe400000,0x00000000ff200000)
 ParOldGen       total 87552K, used 87102K [0x00000000f8000000, 0x00000000fd580000, 0x00000000fd580000)
  object space 87552K, 99% used [0x00000000f8000000,0x00000000fd50faf0,0x00000000fd580000)
 Metaspace       used 103348K, capacity 112704K, committed 113048K, reserved 1144832K
  class space    used 13826K, capacity 16640K, committed 16800K, reserved 1048576K
}

